CRITICAL - 2023-10-15 12:36:11 --> Undefined variable $playlists
in APPPATH\Views\index.php on line 159.
 1 APPPATH\Views\index.php(159): CodeIgniter\Debug\Exceptions->errorHandler(2, 'Undefined variable $playlists', 'D:\\laragon\\www\\Laboratory2\\app\\Views\\index.php', 159)
 2 SYSTEMPATH\View\View.php(226): include('D:\\laragon\\www\\Laboratory2\\app\\Views\\index.php')
 3 SYSTEMPATH\View\View.php(229): CodeIgniter\View\View->CodeIgniter\View\{closure}()
 4 SYSTEMPATH\Common.php(1188): CodeIgniter\View\View->render('index', [], true)
 5 APPPATH\Controllers\Home.php(9): view('index')
 6 SYSTEMPATH\CodeIgniter.php(919): App\Controllers\Home->index()
 7 SYSTEMPATH\CodeIgniter.php(494): CodeIgniter\CodeIgniter->runController(Object(App\Controllers\Home))
 8 SYSTEMPATH\CodeIgniter.php(353): CodeIgniter\CodeIgniter->handleRequest(null, Object(Config\Cache), false)
 9 FCPATH\index.php(79): CodeIgniter\CodeIgniter->run()
10 SYSTEMPATH\Commands\Server\rewrite.php(47): require_once('D:\\laragon\\www\\Laboratory2\\public\\index.php')
CRITICAL - 2023-10-15 12:36:40 --> Undefined variable $playlists
in APPPATH\Views\index.php on line 159.
 1 APPPATH\Views\index.php(159): CodeIgniter\Debug\Exceptions->errorHandler(2, 'Undefined variable $playlists', 'D:\\laragon\\www\\Laboratory2\\app\\Views\\index.php', 159)
 2 SYSTEMPATH\View\View.php(226): include('D:\\laragon\\www\\Laboratory2\\app\\Views\\index.php')
 3 SYSTEMPATH\View\View.php(229): CodeIgniter\View\View->CodeIgniter\View\{closure}()
 4 SYSTEMPATH\Common.php(1188): CodeIgniter\View\View->render('index', [], true)
 5 APPPATH\Controllers\Home.php(9): view('index')
 6 SYSTEMPATH\CodeIgniter.php(919): App\Controllers\Home->index()
 7 SYSTEMPATH\CodeIgniter.php(494): CodeIgniter\CodeIgniter->runController(Object(App\Controllers\Home))
 8 SYSTEMPATH\CodeIgniter.php(353): CodeIgniter\CodeIgniter->handleRequest(null, Object(Config\Cache), false)
 9 FCPATH\index.php(79): CodeIgniter\CodeIgniter->run()
10 SYSTEMPATH\Commands\Server\rewrite.php(47): require_once('D:\\laragon\\www\\Laboratory2\\public\\index.php')
CRITICAL - 2023-10-15 12:46:17 --> Undefined array key "playlist_id"
in APPPATH\Views\index.php on line 266.
 1 APPPATH\Views\index.php(266): CodeIgniter\Debug\Exceptions->errorHandler(2, 'Undefined array key "playlist_id"', 'D:\\laragon\\www\\Laboratory2\\app\\Views\\index.php', 266)
 2 SYSTEMPATH\View\View.php(226): include('D:\\laragon\\www\\Laboratory2\\app\\Views\\index.php')
 3 SYSTEMPATH\View\View.php(229): CodeIgniter\View\View->CodeIgniter\View\{closure}()
 4 SYSTEMPATH\Common.php(1188): CodeIgniter\View\View->render('index', [], true)
 5 APPPATH\Controllers\MainController.php(183): view('index', [...])
 6 SYSTEMPATH\CodeIgniter.php(919): App\Controllers\MainController->test()
 7 SYSTEMPATH\CodeIgniter.php(494): CodeIgniter\CodeIgniter->runController(Object(App\Controllers\MainController))
 8 SYSTEMPATH\CodeIgniter.php(353): CodeIgniter\CodeIgniter->handleRequest(null, Object(Config\Cache), false)
 9 FCPATH\index.php(79): CodeIgniter\CodeIgniter->run()
10 SYSTEMPATH\Commands\Server\rewrite.php(47): require_once('D:\\laragon\\www\\Laboratory2\\public\\index.php')
CRITICAL - 2023-10-15 12:46:59 --> Undefined array key "playlist_id"
in APPPATH\Views\index.php on line 266.
 1 APPPATH\Views\index.php(266): CodeIgniter\Debug\Exceptions->errorHandler(2, 'Undefined array key "playlist_id"', 'D:\\laragon\\www\\Laboratory2\\app\\Views\\index.php', 266)
 2 SYSTEMPATH\View\View.php(226): include('D:\\laragon\\www\\Laboratory2\\app\\Views\\index.php')
 3 SYSTEMPATH\View\View.php(229): CodeIgniter\View\View->CodeIgniter\View\{closure}()
 4 SYSTEMPATH\Common.php(1188): CodeIgniter\View\View->render('index', [], true)
 5 APPPATH\Controllers\MainController.php(183): view('index', [...])
 6 SYSTEMPATH\CodeIgniter.php(919): App\Controllers\MainController->test()
 7 SYSTEMPATH\CodeIgniter.php(494): CodeIgniter\CodeIgniter->runController(Object(App\Controllers\MainController))
 8 SYSTEMPATH\CodeIgniter.php(353): CodeIgniter\CodeIgniter->handleRequest(null, Object(Config\Cache), false)
 9 FCPATH\index.php(79): CodeIgniter\CodeIgniter->run()
10 SYSTEMPATH\Commands\Server\rewrite.php(47): require_once('D:\\laragon\\www\\Laboratory2\\public\\index.php')
CRITICAL - 2023-10-15 12:47:58 --> Cannot redeclare App\Controllers\MainController::addToPlaylist()
in APPPATH\Controllers\MainController.php on line 52.
 1 [internal function]: CodeIgniter\Debug\Exceptions->shutdownHandler()
CRITICAL - 2023-10-15 12:49:03 --> Undefined array key "playlist_id"
in APPPATH\Views\index.php on line 266.
 1 APPPATH\Views\index.php(266): CodeIgniter\Debug\Exceptions->errorHandler(2, 'Undefined array key "playlist_id"', 'D:\\laragon\\www\\Laboratory2\\app\\Views\\index.php', 266)
 2 SYSTEMPATH\View\View.php(226): include('D:\\laragon\\www\\Laboratory2\\app\\Views\\index.php')
 3 SYSTEMPATH\View\View.php(229): CodeIgniter\View\View->CodeIgniter\View\{closure}()
 4 SYSTEMPATH\Common.php(1188): CodeIgniter\View\View->render('index', [], true)
 5 APPPATH\Controllers\MainController.php(201): view('index', [...])
 6 SYSTEMPATH\CodeIgniter.php(919): App\Controllers\MainController->test()
 7 SYSTEMPATH\CodeIgniter.php(494): CodeIgniter\CodeIgniter->runController(Object(App\Controllers\MainController))
 8 SYSTEMPATH\CodeIgniter.php(353): CodeIgniter\CodeIgniter->handleRequest(null, Object(Config\Cache), false)
 9 FCPATH\index.php(79): CodeIgniter\CodeIgniter->run()
10 SYSTEMPATH\Commands\Server\rewrite.php(47): require_once('D:\\laragon\\www\\Laboratory2\\public\\index.php')
CRITICAL - 2023-10-15 12:50:44 --> Undefined array key "playlist_id"
in APPPATH\Views\index.php on line 297.
 1 APPPATH\Views\index.php(297): CodeIgniter\Debug\Exceptions->errorHandler(2, 'Undefined array key "playlist_id"', 'D:\\laragon\\www\\Laboratory2\\app\\Views\\index.php', 297)
 2 SYSTEMPATH\View\View.php(226): include('D:\\laragon\\www\\Laboratory2\\app\\Views\\index.php')
 3 SYSTEMPATH\View\View.php(229): CodeIgniter\View\View->CodeIgniter\View\{closure}()
 4 SYSTEMPATH\Common.php(1188): CodeIgniter\View\View->render('index', [], true)
 5 APPPATH\Controllers\MainController.php(201): view('index', [...])
 6 SYSTEMPATH\CodeIgniter.php(919): App\Controllers\MainController->test()
 7 SYSTEMPATH\CodeIgniter.php(494): CodeIgniter\CodeIgniter->runController(Object(App\Controllers\MainController))
 8 SYSTEMPATH\CodeIgniter.php(353): CodeIgniter\CodeIgniter->handleRequest(null, Object(Config\Cache), false)
 9 FCPATH\index.php(79): CodeIgniter\CodeIgniter->run()
10 SYSTEMPATH\Commands\Server\rewrite.php(47): require_once('D:\\laragon\\www\\Laboratory2\\public\\index.php')
CRITICAL - 2023-10-15 13:33:07 --> syntax error, unexpected token "<"
in APPPATH\Views\index.php on line 215.
 1 SYSTEMPATH\View\View.php(229): CodeIgniter\View\View->CodeIgniter\View\{closure}()
 2 SYSTEMPATH\Common.php(1188): CodeIgniter\View\View->render('index', [], true)
 3 APPPATH\Controllers\MainController.php(136): view('index', [...])
 4 SYSTEMPATH\CodeIgniter.php(919): App\Controllers\MainController->test()
 5 SYSTEMPATH\CodeIgniter.php(494): CodeIgniter\CodeIgniter->runController(Object(App\Controllers\MainController))
 6 SYSTEMPATH\CodeIgniter.php(353): CodeIgniter\CodeIgniter->handleRequest(null, Object(Config\Cache), false)
 7 FCPATH\index.php(79): CodeIgniter\CodeIgniter->run()
 8 SYSTEMPATH\Commands\Server\rewrite.php(47): require_once('D:\\laragon\\www\\Laboratory2\\public\\index.php')
CRITICAL - 2023-10-15 13:33:25 --> syntax error, unexpected token "<"
in APPPATH\Views\index.php on line 215.
 1 SYSTEMPATH\View\View.php(229): CodeIgniter\View\View->CodeIgniter\View\{closure}()
 2 SYSTEMPATH\Common.php(1188): CodeIgniter\View\View->render('index', [], true)
 3 APPPATH\Controllers\MainController.php(136): view('index', [...])
 4 SYSTEMPATH\CodeIgniter.php(919): App\Controllers\MainController->test()
 5 SYSTEMPATH\CodeIgniter.php(494): CodeIgniter\CodeIgniter->runController(Object(App\Controllers\MainController))
 6 SYSTEMPATH\CodeIgniter.php(353): CodeIgniter\CodeIgniter->handleRequest(null, Object(Config\Cache), false)
 7 FCPATH\index.php(79): CodeIgniter\CodeIgniter->run()
 8 SYSTEMPATH\Commands\Server\rewrite.php(47): require_once('D:\\laragon\\www\\Laboratory2\\public\\index.php')
CRITICAL - 2023-10-15 13:35:28 --> Undefined array key "playlist_id"
in APPPATH\Views\index.php on line 241.
 1 APPPATH\Views\index.php(241): CodeIgniter\Debug\Exceptions->errorHandler(2, 'Undefined array key "playlist_id"', 'D:\\laragon\\www\\Laboratory2\\app\\Views\\index.php', 241)
 2 SYSTEMPATH\View\View.php(226): include('D:\\laragon\\www\\Laboratory2\\app\\Views\\index.php')
 3 SYSTEMPATH\View\View.php(229): CodeIgniter\View\View->CodeIgniter\View\{closure}()
 4 SYSTEMPATH\Common.php(1188): CodeIgniter\View\View->render('index', [], true)
 5 APPPATH\Controllers\MainController.php(136): view('index', [...])
 6 SYSTEMPATH\CodeIgniter.php(919): App\Controllers\MainController->test()
 7 SYSTEMPATH\CodeIgniter.php(494): CodeIgniter\CodeIgniter->runController(Object(App\Controllers\MainController))
 8 SYSTEMPATH\CodeIgniter.php(353): CodeIgniter\CodeIgniter->handleRequest(null, Object(Config\Cache), false)
 9 FCPATH\index.php(79): CodeIgniter\CodeIgniter->run()
10 SYSTEMPATH\Commands\Server\rewrite.php(47): require_once('D:\\laragon\\www\\Laboratory2\\public\\index.php')
CRITICAL - 2023-10-15 13:36:19 --> Undefined array key "playlist_id"
in APPPATH\Views\index.php on line 241.
 1 APPPATH\Views\index.php(241): CodeIgniter\Debug\Exceptions->errorHandler(2, 'Undefined array key "playlist_id"', 'D:\\laragon\\www\\Laboratory2\\app\\Views\\index.php', 241)
 2 SYSTEMPATH\View\View.php(226): include('D:\\laragon\\www\\Laboratory2\\app\\Views\\index.php')
 3 SYSTEMPATH\View\View.php(229): CodeIgniter\View\View->CodeIgniter\View\{closure}()
 4 SYSTEMPATH\Common.php(1188): CodeIgniter\View\View->render('index', [], true)
 5 APPPATH\Controllers\MainController.php(147): view('index', [...])
 6 SYSTEMPATH\CodeIgniter.php(919): App\Controllers\MainController->test()
 7 SYSTEMPATH\CodeIgniter.php(494): CodeIgniter\CodeIgniter->runController(Object(App\Controllers\MainController))
 8 SYSTEMPATH\CodeIgniter.php(353): CodeIgniter\CodeIgniter->handleRequest(null, Object(Config\Cache), false)
 9 FCPATH\index.php(79): CodeIgniter\CodeIgniter->run()
10 SYSTEMPATH\Commands\Server\rewrite.php(47): require_once('D:\\laragon\\www\\Laboratory2\\public\\index.php')
