ERROR - 2023-09-26 08:03:57 --> Error connecting to the database: mysqli_sql_exception: No connection could be made because the target machine actively refused it in D:\laragon\www\Laboratory2\system\Database\MySQLi\Connection.php:185
Stack trace:
#0 D:\laragon\www\Laboratory2\system\Database\MySQLi\Connection.php(185): mysqli->real_connect('localhost', 'root', '', 'laboratory2', 3306, '', 0)
#1 D:\laragon\www\Laboratory2\system\Database\BaseConnection.php(391): CodeIgniter\Database\MySQLi\Connection->connect(false)
#2 D:\laragon\www\Laboratory2\system\Database\BaseConnection.php(574): CodeIgniter\Database\BaseConnection->initialize()
#3 D:\laragon\www\Laboratory2\system\Database\BaseBuilder.php(1615): CodeIgniter\Database\BaseConnection->query('SELECT *\nFROM `...', Array, false)
#4 D:\laragon\www\Laboratory2\system\Model.php(237): CodeIgniter\Database\BaseBuilder->get()
#5 D:\laragon\www\Laboratory2\system\BaseModel.php(624): CodeIgniter\Model->doFindAll(0, 0)
#6 D:\laragon\www\Laboratory2\app\Controllers\MainController.php(118): CodeIgniter\BaseModel->findAll()
#7 D:\laragon\www\Laboratory2\system\CodeIgniter.php(919): App\Controllers\MainController->test()
#8 D:\laragon\www\Laboratory2\system\CodeIgniter.php(494): CodeIgniter\CodeIgniter->runController(Object(App\Controllers\MainController))
#9 D:\laragon\www\Laboratory2\system\CodeIgniter.php(353): CodeIgniter\CodeIgniter->handleRequest(NULL, Object(Config\Cache), false)
#10 D:\laragon\www\Laboratory2\public\index.php(79): CodeIgniter\CodeIgniter->run()
#11 D:\laragon\www\Laboratory2\system\Commands\Server\rewrite.php(47): require_once('D:\\laragon\\www\\...')
#12 {main}

Next CodeIgniter\Database\Exceptions\DatabaseException: No connection could be made because the target machine actively refused it in D:\laragon\www\Laboratory2\system\Database\MySQLi\Connection.php:229
Stack trace:
#0 D:\laragon\www\Laboratory2\system\Database\BaseConnection.php(391): CodeIgniter\Database\MySQLi\Connection->connect(false)
#1 D:\laragon\www\Laboratory2\system\Database\BaseConnection.php(574): CodeIgniter\Database\BaseConnection->initialize()
#2 D:\laragon\www\Laboratory2\system\Database\BaseBuilder.php(1615): CodeIgniter\Database\BaseConnection->query('SELECT *\nFROM `...', Array, false)
#3 D:\laragon\www\Laboratory2\system\Model.php(237): CodeIgniter\Database\BaseBuilder->get()
#4 D:\laragon\www\Laboratory2\system\BaseModel.php(624): CodeIgniter\Model->doFindAll(0, 0)
#5 D:\laragon\www\Laboratory2\app\Controllers\MainController.php(118): CodeIgniter\BaseModel->findAll()
#6 D:\laragon\www\Laboratory2\system\CodeIgniter.php(919): App\Controllers\MainController->test()
#7 D:\laragon\www\Laboratory2\system\CodeIgniter.php(494): CodeIgniter\CodeIgniter->runController(Object(App\Controllers\MainController))
#8 D:\laragon\www\Laboratory2\system\CodeIgniter.php(353): CodeIgniter\CodeIgniter->handleRequest(NULL, Object(Config\Cache), false)
#9 D:\laragon\www\Laboratory2\public\index.php(79): CodeIgniter\CodeIgniter->run()
#10 D:\laragon\www\Laboratory2\system\Commands\Server\rewrite.php(47): require_once('D:\\laragon\\www\\...')
#11 {main}
CRITICAL - 2023-09-26 08:03:57 --> Unable to connect to the database.
Main connection [MySQLi]: No connection could be made because the target machine actively refused it
in SYSTEMPATH\Database\BaseConnection.php on line 427.
 1 SYSTEMPATH\Database\BaseConnection.php(574): CodeIgniter\Database\BaseConnection->initialize()
 2 SYSTEMPATH\Database\BaseBuilder.php(1615): CodeIgniter\Database\BaseConnection->query('SELECT *
FROM `music_tracks`', [], false)
 3 SYSTEMPATH\Model.php(237): CodeIgniter\Database\BaseBuilder->get()
 4 SYSTEMPATH\BaseModel.php(624): CodeIgniter\Model->doFindAll(0, 0)
 5 APPPATH\Controllers\MainController.php(118): CodeIgniter\BaseModel->findAll()
 6 SYSTEMPATH\CodeIgniter.php(919): App\Controllers\MainController->test()
 7 SYSTEMPATH\CodeIgniter.php(494): CodeIgniter\CodeIgniter->runController(Object(App\Controllers\MainController))
 8 SYSTEMPATH\CodeIgniter.php(353): CodeIgniter\CodeIgniter->handleRequest(null, Object(Config\Cache), false)
 9 FCPATH\index.php(79): CodeIgniter\CodeIgniter->run()
10 SYSTEMPATH\Commands\Server\rewrite.php(47): require_once('D:\\laragon\\www\\Laboratory2\\public\\index.php')
ERROR - 2023-09-26 08:04:02 --> Error connecting to the database: mysqli_sql_exception: No connection could be made because the target machine actively refused it in D:\laragon\www\Laboratory2\system\Database\MySQLi\Connection.php:185
Stack trace:
#0 D:\laragon\www\Laboratory2\system\Database\MySQLi\Connection.php(185): mysqli->real_connect('localhost', 'root', '', 'laboratory2', 3306, '', 0)
#1 D:\laragon\www\Laboratory2\system\Database\BaseConnection.php(391): CodeIgniter\Database\MySQLi\Connection->connect(false)
#2 D:\laragon\www\Laboratory2\system\Database\BaseConnection.php(574): CodeIgniter\Database\BaseConnection->initialize()
#3 D:\laragon\www\Laboratory2\system\Database\BaseBuilder.php(1615): CodeIgniter\Database\BaseConnection->query('SELECT *\nFROM `...', Array, false)
#4 D:\laragon\www\Laboratory2\system\Model.php(237): CodeIgniter\Database\BaseBuilder->get()
#5 D:\laragon\www\Laboratory2\system\BaseModel.php(624): CodeIgniter\Model->doFindAll(0, 0)
#6 D:\laragon\www\Laboratory2\app\Controllers\MainController.php(118): CodeIgniter\BaseModel->findAll()
#7 D:\laragon\www\Laboratory2\system\CodeIgniter.php(919): App\Controllers\MainController->test()
#8 D:\laragon\www\Laboratory2\system\CodeIgniter.php(494): CodeIgniter\CodeIgniter->runController(Object(App\Controllers\MainController))
#9 D:\laragon\www\Laboratory2\system\CodeIgniter.php(353): CodeIgniter\CodeIgniter->handleRequest(NULL, Object(Config\Cache), false)
#10 D:\laragon\www\Laboratory2\public\index.php(79): CodeIgniter\CodeIgniter->run()
#11 D:\laragon\www\Laboratory2\system\Commands\Server\rewrite.php(47): require_once('D:\\laragon\\www\\...')
#12 {main}

Next CodeIgniter\Database\Exceptions\DatabaseException: No connection could be made because the target machine actively refused it in D:\laragon\www\Laboratory2\system\Database\MySQLi\Connection.php:229
Stack trace:
#0 D:\laragon\www\Laboratory2\system\Database\BaseConnection.php(391): CodeIgniter\Database\MySQLi\Connection->connect(false)
#1 D:\laragon\www\Laboratory2\system\Database\BaseConnection.php(574): CodeIgniter\Database\BaseConnection->initialize()
#2 D:\laragon\www\Laboratory2\system\Database\BaseBuilder.php(1615): CodeIgniter\Database\BaseConnection->query('SELECT *\nFROM `...', Array, false)
#3 D:\laragon\www\Laboratory2\system\Model.php(237): CodeIgniter\Database\BaseBuilder->get()
#4 D:\laragon\www\Laboratory2\system\BaseModel.php(624): CodeIgniter\Model->doFindAll(0, 0)
#5 D:\laragon\www\Laboratory2\app\Controllers\MainController.php(118): CodeIgniter\BaseModel->findAll()
#6 D:\laragon\www\Laboratory2\system\CodeIgniter.php(919): App\Controllers\MainController->test()
#7 D:\laragon\www\Laboratory2\system\CodeIgniter.php(494): CodeIgniter\CodeIgniter->runController(Object(App\Controllers\MainController))
#8 D:\laragon\www\Laboratory2\system\CodeIgniter.php(353): CodeIgniter\CodeIgniter->handleRequest(NULL, Object(Config\Cache), false)
#9 D:\laragon\www\Laboratory2\public\index.php(79): CodeIgniter\CodeIgniter->run()
#10 D:\laragon\www\Laboratory2\system\Commands\Server\rewrite.php(47): require_once('D:\\laragon\\www\\...')
#11 {main}
CRITICAL - 2023-09-26 08:04:02 --> Unable to connect to the database.
Main connection [MySQLi]: No connection could be made because the target machine actively refused it
in SYSTEMPATH\Database\BaseConnection.php on line 427.
 1 SYSTEMPATH\Database\BaseConnection.php(574): CodeIgniter\Database\BaseConnection->initialize()
 2 SYSTEMPATH\Database\BaseBuilder.php(1615): CodeIgniter\Database\BaseConnection->query('SELECT *
FROM `music_tracks`', [], false)
 3 SYSTEMPATH\Model.php(237): CodeIgniter\Database\BaseBuilder->get()
 4 SYSTEMPATH\BaseModel.php(624): CodeIgniter\Model->doFindAll(0, 0)
 5 APPPATH\Controllers\MainController.php(118): CodeIgniter\BaseModel->findAll()
 6 SYSTEMPATH\CodeIgniter.php(919): App\Controllers\MainController->test()
 7 SYSTEMPATH\CodeIgniter.php(494): CodeIgniter\CodeIgniter->runController(Object(App\Controllers\MainController))
 8 SYSTEMPATH\CodeIgniter.php(353): CodeIgniter\CodeIgniter->handleRequest(null, Object(Config\Cache), false)
 9 FCPATH\index.php(79): CodeIgniter\CodeIgniter->run()
10 SYSTEMPATH\Commands\Server\rewrite.php(47): require_once('D:\\laragon\\www\\Laboratory2\\public\\index.php')
ERROR - 2023-09-26 08:04:15 --> Error connecting to the database: mysqli_sql_exception: No connection could be made because the target machine actively refused it in D:\laragon\www\Laboratory2\system\Database\MySQLi\Connection.php:185
Stack trace:
#0 D:\laragon\www\Laboratory2\system\Database\MySQLi\Connection.php(185): mysqli->real_connect('localhost', 'root', '', 'laboratory2', 3306, '', 0)
#1 D:\laragon\www\Laboratory2\system\Database\BaseConnection.php(391): CodeIgniter\Database\MySQLi\Connection->connect(false)
#2 D:\laragon\www\Laboratory2\system\Database\BaseConnection.php(574): CodeIgniter\Database\BaseConnection->initialize()
#3 D:\laragon\www\Laboratory2\system\Database\BaseBuilder.php(1615): CodeIgniter\Database\BaseConnection->query('SELECT *\nFROM `...', Array, false)
#4 D:\laragon\www\Laboratory2\system\Model.php(237): CodeIgniter\Database\BaseBuilder->get()
#5 D:\laragon\www\Laboratory2\system\BaseModel.php(624): CodeIgniter\Model->doFindAll(0, 0)
#6 D:\laragon\www\Laboratory2\app\Controllers\MainController.php(118): CodeIgniter\BaseModel->findAll()
#7 D:\laragon\www\Laboratory2\system\CodeIgniter.php(919): App\Controllers\MainController->test()
#8 D:\laragon\www\Laboratory2\system\CodeIgniter.php(494): CodeIgniter\CodeIgniter->runController(Object(App\Controllers\MainController))
#9 D:\laragon\www\Laboratory2\system\CodeIgniter.php(353): CodeIgniter\CodeIgniter->handleRequest(NULL, Object(Config\Cache), false)
#10 D:\laragon\www\Laboratory2\public\index.php(79): CodeIgniter\CodeIgniter->run()
#11 D:\laragon\www\Laboratory2\system\Commands\Server\rewrite.php(47): require_once('D:\\laragon\\www\\...')
#12 {main}

Next CodeIgniter\Database\Exceptions\DatabaseException: No connection could be made because the target machine actively refused it in D:\laragon\www\Laboratory2\system\Database\MySQLi\Connection.php:229
Stack trace:
#0 D:\laragon\www\Laboratory2\system\Database\BaseConnection.php(391): CodeIgniter\Database\MySQLi\Connection->connect(false)
#1 D:\laragon\www\Laboratory2\system\Database\BaseConnection.php(574): CodeIgniter\Database\BaseConnection->initialize()
#2 D:\laragon\www\Laboratory2\system\Database\BaseBuilder.php(1615): CodeIgniter\Database\BaseConnection->query('SELECT *\nFROM `...', Array, false)
#3 D:\laragon\www\Laboratory2\system\Model.php(237): CodeIgniter\Database\BaseBuilder->get()
#4 D:\laragon\www\Laboratory2\system\BaseModel.php(624): CodeIgniter\Model->doFindAll(0, 0)
#5 D:\laragon\www\Laboratory2\app\Controllers\MainController.php(118): CodeIgniter\BaseModel->findAll()
#6 D:\laragon\www\Laboratory2\system\CodeIgniter.php(919): App\Controllers\MainController->test()
#7 D:\laragon\www\Laboratory2\system\CodeIgniter.php(494): CodeIgniter\CodeIgniter->runController(Object(App\Controllers\MainController))
#8 D:\laragon\www\Laboratory2\system\CodeIgniter.php(353): CodeIgniter\CodeIgniter->handleRequest(NULL, Object(Config\Cache), false)
#9 D:\laragon\www\Laboratory2\public\index.php(79): CodeIgniter\CodeIgniter->run()
#10 D:\laragon\www\Laboratory2\system\Commands\Server\rewrite.php(47): require_once('D:\\laragon\\www\\...')
#11 {main}
CRITICAL - 2023-09-26 08:04:15 --> Unable to connect to the database.
Main connection [MySQLi]: No connection could be made because the target machine actively refused it
in SYSTEMPATH\Database\BaseConnection.php on line 427.
 1 SYSTEMPATH\Database\BaseConnection.php(574): CodeIgniter\Database\BaseConnection->initialize()
 2 SYSTEMPATH\Database\BaseBuilder.php(1615): CodeIgniter\Database\BaseConnection->query('SELECT *
FROM `music_tracks`', [], false)
 3 SYSTEMPATH\Model.php(237): CodeIgniter\Database\BaseBuilder->get()
 4 SYSTEMPATH\BaseModel.php(624): CodeIgniter\Model->doFindAll(0, 0)
 5 APPPATH\Controllers\MainController.php(118): CodeIgniter\BaseModel->findAll()
 6 SYSTEMPATH\CodeIgniter.php(919): App\Controllers\MainController->test()
 7 SYSTEMPATH\CodeIgniter.php(494): CodeIgniter\CodeIgniter->runController(Object(App\Controllers\MainController))
 8 SYSTEMPATH\CodeIgniter.php(353): CodeIgniter\CodeIgniter->handleRequest(null, Object(Config\Cache), false)
 9 FCPATH\index.php(79): CodeIgniter\CodeIgniter->run()
10 SYSTEMPATH\Commands\Server\rewrite.php(47): require_once('D:\\laragon\\www\\Laboratory2\\public\\index.php')
CRITICAL - 2023-09-26 08:19:20 --> Attempt to assign property "playlist_id" on array
in APPPATH\Controllers\MainController.php on line 32.
 1 SYSTEMPATH\CodeIgniter.php(919): App\Controllers\MainController->addToPlaylist()
 2 SYSTEMPATH\CodeIgniter.php(494): CodeIgniter\CodeIgniter->runController(Object(App\Controllers\MainController))
 3 SYSTEMPATH\CodeIgniter.php(353): CodeIgniter\CodeIgniter->handleRequest(null, Object(Config\Cache), false)
 4 FCPATH\index.php(79): CodeIgniter\CodeIgniter->run()
 5 SYSTEMPATH\Commands\Server\rewrite.php(47): require_once('D:\\laragon\\www\\Laboratory2\\public\\index.php')
CRITICAL - 2023-09-26 08:26:10 --> Undefined variable $file
in APPPATH\Controllers\MainController.php on line 22.
 1 APPPATH\Controllers\MainController.php(22): CodeIgniter\Debug\Exceptions->errorHandler(2, 'Undefined variable $file', 'D:\\laragon\\www\\Laboratory2\\app\\Controllers\\MainController.php', 22)
 2 SYSTEMPATH\CodeIgniter.php(919): App\Controllers\MainController->addToPlaylist()
 3 SYSTEMPATH\CodeIgniter.php(494): CodeIgniter\CodeIgniter->runController(Object(App\Controllers\MainController))
 4 SYSTEMPATH\CodeIgniter.php(353): CodeIgniter\CodeIgniter->handleRequest(null, Object(Config\Cache), false)
 5 FCPATH\index.php(79): CodeIgniter\CodeIgniter->run()
 6 SYSTEMPATH\Commands\Server\rewrite.php(47): require_once('D:\\laragon\\www\\Laboratory2\\public\\index.php')
CRITICAL - 2023-09-26 08:27:05 --> Call to a member function getClientName() on null
in APPPATH\Controllers\MainController.php on line 20.
 1 SYSTEMPATH\CodeIgniter.php(919): App\Controllers\MainController->addToPlaylist()
 2 SYSTEMPATH\CodeIgniter.php(494): CodeIgniter\CodeIgniter->runController(Object(App\Controllers\MainController))
 3 SYSTEMPATH\CodeIgniter.php(353): CodeIgniter\CodeIgniter->handleRequest(null, Object(Config\Cache), false)
 4 FCPATH\index.php(79): CodeIgniter\CodeIgniter->run()
 5 SYSTEMPATH\Commands\Server\rewrite.php(47): require_once('D:\\laragon\\www\\Laboratory2\\public\\index.php')
CRITICAL - 2023-09-26 08:27:36 --> Call to a member function move() on null
in APPPATH\Controllers\MainController.php on line 20.
 1 SYSTEMPATH\CodeIgniter.php(919): App\Controllers\MainController->addToPlaylist()
 2 SYSTEMPATH\CodeIgniter.php(494): CodeIgniter\CodeIgniter->runController(Object(App\Controllers\MainController))
 3 SYSTEMPATH\CodeIgniter.php(353): CodeIgniter\CodeIgniter->handleRequest(null, Object(Config\Cache), false)
 4 FCPATH\index.php(79): CodeIgniter\CodeIgniter->run()
 5 SYSTEMPATH\Commands\Server\rewrite.php(47): require_once('D:\\laragon\\www\\Laboratory2\\public\\index.php')
CRITICAL - 2023-09-26 08:27:49 --> Call to a member function getClientName() on null
in APPPATH\Controllers\MainController.php on line 21.
 1 SYSTEMPATH\CodeIgniter.php(919): App\Controllers\MainController->addToPlaylist()
 2 SYSTEMPATH\CodeIgniter.php(494): CodeIgniter\CodeIgniter->runController(Object(App\Controllers\MainController))
 3 SYSTEMPATH\CodeIgniter.php(353): CodeIgniter\CodeIgniter->handleRequest(null, Object(Config\Cache), false)
 4 FCPATH\index.php(79): CodeIgniter\CodeIgniter->run()
 5 SYSTEMPATH\Commands\Server\rewrite.php(47): require_once('D:\\laragon\\www\\Laboratory2\\public\\index.php')
ERROR - 2023-09-26 08:53:12 --> Error connecting to the database: mysqli_sql_exception: No connection could be made because the target machine actively refused it in D:\laragon\www\Laboratory2\system\Database\MySQLi\Connection.php:185
Stack trace:
#0 D:\laragon\www\Laboratory2\system\Database\MySQLi\Connection.php(185): mysqli->real_connect('localhost', 'root', '', 'laboratory2', 3306, '', 0)
#1 D:\laragon\www\Laboratory2\system\Database\BaseConnection.php(391): CodeIgniter\Database\MySQLi\Connection->connect(false)
#2 D:\laragon\www\Laboratory2\system\Database\BaseConnection.php(574): CodeIgniter\Database\BaseConnection->initialize()
#3 D:\laragon\www\Laboratory2\system\Database\BaseBuilder.php(1615): CodeIgniter\Database\BaseConnection->query('SELECT *\nFROM `...', Array, false)
#4 D:\laragon\www\Laboratory2\system\Model.php(237): CodeIgniter\Database\BaseBuilder->get()
#5 D:\laragon\www\Laboratory2\system\BaseModel.php(624): CodeIgniter\Model->doFindAll(0, 0)
#6 D:\laragon\www\Laboratory2\app\Controllers\MainController.php(117): CodeIgniter\BaseModel->findAll()
#7 D:\laragon\www\Laboratory2\system\CodeIgniter.php(919): App\Controllers\MainController->test()
#8 D:\laragon\www\Laboratory2\system\CodeIgniter.php(494): CodeIgniter\CodeIgniter->runController(Object(App\Controllers\MainController))
#9 D:\laragon\www\Laboratory2\system\CodeIgniter.php(353): CodeIgniter\CodeIgniter->handleRequest(NULL, Object(Config\Cache), false)
#10 D:\laragon\www\Laboratory2\public\index.php(79): CodeIgniter\CodeIgniter->run()
#11 D:\laragon\www\Laboratory2\system\Commands\Server\rewrite.php(47): require_once('D:\\laragon\\www\\...')
#12 {main}

Next CodeIgniter\Database\Exceptions\DatabaseException: No connection could be made because the target machine actively refused it in D:\laragon\www\Laboratory2\system\Database\MySQLi\Connection.php:229
Stack trace:
#0 D:\laragon\www\Laboratory2\system\Database\BaseConnection.php(391): CodeIgniter\Database\MySQLi\Connection->connect(false)
#1 D:\laragon\www\Laboratory2\system\Database\BaseConnection.php(574): CodeIgniter\Database\BaseConnection->initialize()
#2 D:\laragon\www\Laboratory2\system\Database\BaseBuilder.php(1615): CodeIgniter\Database\BaseConnection->query('SELECT *\nFROM `...', Array, false)
#3 D:\laragon\www\Laboratory2\system\Model.php(237): CodeIgniter\Database\BaseBuilder->get()
#4 D:\laragon\www\Laboratory2\system\BaseModel.php(624): CodeIgniter\Model->doFindAll(0, 0)
#5 D:\laragon\www\Laboratory2\app\Controllers\MainController.php(117): CodeIgniter\BaseModel->findAll()
#6 D:\laragon\www\Laboratory2\system\CodeIgniter.php(919): App\Controllers\MainController->test()
#7 D:\laragon\www\Laboratory2\system\CodeIgniter.php(494): CodeIgniter\CodeIgniter->runController(Object(App\Controllers\MainController))
#8 D:\laragon\www\Laboratory2\system\CodeIgniter.php(353): CodeIgniter\CodeIgniter->handleRequest(NULL, Object(Config\Cache), false)
#9 D:\laragon\www\Laboratory2\public\index.php(79): CodeIgniter\CodeIgniter->run()
#10 D:\laragon\www\Laboratory2\system\Commands\Server\rewrite.php(47): require_once('D:\\laragon\\www\\...')
#11 {main}
CRITICAL - 2023-09-26 08:53:12 --> Unable to connect to the database.
Main connection [MySQLi]: No connection could be made because the target machine actively refused it
in SYSTEMPATH\Database\BaseConnection.php on line 427.
 1 SYSTEMPATH\Database\BaseConnection.php(574): CodeIgniter\Database\BaseConnection->initialize()
 2 SYSTEMPATH\Database\BaseBuilder.php(1615): CodeIgniter\Database\BaseConnection->query('SELECT *
FROM `music_tracks`', [], false)
 3 SYSTEMPATH\Model.php(237): CodeIgniter\Database\BaseBuilder->get()
 4 SYSTEMPATH\BaseModel.php(624): CodeIgniter\Model->doFindAll(0, 0)
 5 APPPATH\Controllers\MainController.php(117): CodeIgniter\BaseModel->findAll()
 6 SYSTEMPATH\CodeIgniter.php(919): App\Controllers\MainController->test()
 7 SYSTEMPATH\CodeIgniter.php(494): CodeIgniter\CodeIgniter->runController(Object(App\Controllers\MainController))
 8 SYSTEMPATH\CodeIgniter.php(353): CodeIgniter\CodeIgniter->handleRequest(null, Object(Config\Cache), false)
 9 FCPATH\index.php(79): CodeIgniter\CodeIgniter->run()
10 SYSTEMPATH\Commands\Server\rewrite.php(47): require_once('D:\\laragon\\www\\Laboratory2\\public\\index.php')
CRITICAL - 2023-09-26 09:13:41 --> Too few arguments to function App\Controllers\MainController::addToPlaylist(), 1 passed in D:\laragon\www\Laboratory2\system\CodeIgniter.php on line 919 and exactly 2 expected
in APPPATH\Controllers\MainController.php on line 12.
 1 SYSTEMPATH\CodeIgniter.php(919): App\Controllers\MainController->addToPlaylist('42')
 2 SYSTEMPATH\CodeIgniter.php(494): CodeIgniter\CodeIgniter->runController(Object(App\Controllers\MainController))
 3 SYSTEMPATH\CodeIgniter.php(353): CodeIgniter\CodeIgniter->handleRequest(null, Object(Config\Cache), false)
 4 FCPATH\index.php(79): CodeIgniter\CodeIgniter->run()
 5 SYSTEMPATH\Commands\Server\rewrite.php(47): require_once('D:\\laragon\\www\\Laboratory2\\public\\index.php')
CRITICAL - 2023-09-26 09:22:29 --> Class "App\Controllers\PlaylistTrackModel" not found
in APPPATH\Controllers\MainController.php on line 28.
 1 SYSTEMPATH\CodeIgniter.php(919): App\Controllers\MainController->addToPlaylist('1', '42')
 2 SYSTEMPATH\CodeIgniter.php(494): CodeIgniter\CodeIgniter->runController(Object(App\Controllers\MainController))
 3 SYSTEMPATH\CodeIgniter.php(353): CodeIgniter\CodeIgniter->handleRequest(null, Object(Config\Cache), false)
 4 FCPATH\index.php(79): CodeIgniter\CodeIgniter->run()
 5 SYSTEMPATH\Commands\Server\rewrite.php(47): require_once('D:\\laragon\\www\\Laboratory2\\public\\index.php')
CRITICAL - 2023-09-26 09:22:48 --> Class "App\Controllers\PlaylistTrackModel" not found
in APPPATH\Controllers\MainController.php on line 29.
 1 SYSTEMPATH\CodeIgniter.php(919): App\Controllers\MainController->addToPlaylist('1', '42')
 2 SYSTEMPATH\CodeIgniter.php(494): CodeIgniter\CodeIgniter->runController(Object(App\Controllers\MainController))
 3 SYSTEMPATH\CodeIgniter.php(353): CodeIgniter\CodeIgniter->handleRequest(null, Object(Config\Cache), false)
 4 FCPATH\index.php(79): CodeIgniter\CodeIgniter->run()
 5 SYSTEMPATH\Commands\Server\rewrite.php(47): require_once('D:\\laragon\\www\\Laboratory2\\public\\index.php')
CRITICAL - 2023-09-26 09:23:13 --> syntax error, unexpected token "public", expecting end of file
in APPPATH\Models\PlaylistTrackModel.php on line 43.
 1 SYSTEMPATH\Autoloader\Autoloader.php(285): CodeIgniter\Autoloader\Autoloader->includeFile('D:\\laragon\\www\\Laboratory2\\app\\Models\\PlaylistTrackModel.php')
 2 SYSTEMPATH\Autoloader\Autoloader.php(263): CodeIgniter\Autoloader\Autoloader->loadInNamespace('App\\Models\\PlaylistTrackModel')
 3 APPPATH\Controllers\MainController.php(29): CodeIgniter\Autoloader\Autoloader->loadClass('App\\Models\\PlaylistTrackModel')
 4 SYSTEMPATH\CodeIgniter.php(919): App\Controllers\MainController->addToPlaylist('1', '42')
 5 SYSTEMPATH\CodeIgniter.php(494): CodeIgniter\CodeIgniter->runController(Object(App\Controllers\MainController))
 6 SYSTEMPATH\CodeIgniter.php(353): CodeIgniter\CodeIgniter->handleRequest(null, Object(Config\Cache), false)
 7 FCPATH\index.php(79): CodeIgniter\CodeIgniter->run()
 8 SYSTEMPATH\Commands\Server\rewrite.php(47): require_once('D:\\laragon\\www\\Laboratory2\\public\\index.php')
CRITICAL - 2023-09-26 09:23:47 --> Attempt to read property "id" on array
in APPPATH\Controllers\MainController.php on line 32.
 1 APPPATH\Controllers\MainController.php(32): CodeIgniter\Debug\Exceptions->errorHandler(2, 'Attempt to read property "id" on array', 'D:\\laragon\\www\\Laboratory2\\app\\Controllers\\MainController.php', 32)
 2 SYSTEMPATH\CodeIgniter.php(919): App\Controllers\MainController->addToPlaylist('1', '42')
 3 SYSTEMPATH\CodeIgniter.php(494): CodeIgniter\CodeIgniter->runController(Object(App\Controllers\MainController))
 4 SYSTEMPATH\CodeIgniter.php(353): CodeIgniter\CodeIgniter->handleRequest(null, Object(Config\Cache), false)
 5 FCPATH\index.php(79): CodeIgniter\CodeIgniter->run()
 6 SYSTEMPATH\Commands\Server\rewrite.php(47): require_once('D:\\laragon\\www\\Laboratory2\\public\\index.php')
CRITICAL - 2023-09-26 10:29:11 --> Undefined variable $song
in APPPATH\Views\index.php on line 272.
 1 APPPATH\Views\index.php(272): CodeIgniter\Debug\Exceptions->errorHandler(2, 'Undefined variable $song', 'D:\\laragon\\www\\Laboratory2\\app\\Views\\index.php', 272)
 2 SYSTEMPATH\View\View.php(226): include('D:\\laragon\\www\\Laboratory2\\app\\Views\\index.php')
 3 SYSTEMPATH\View\View.php(229): CodeIgniter\View\View->CodeIgniter\View\{closure}()
 4 SYSTEMPATH\Common.php(1188): CodeIgniter\View\View->render('index', [], true)
 5 APPPATH\Controllers\MainController.php(132): view('index', [...])
 6 SYSTEMPATH\CodeIgniter.php(919): App\Controllers\MainController->test()
 7 SYSTEMPATH\CodeIgniter.php(494): CodeIgniter\CodeIgniter->runController(Object(App\Controllers\MainController))
 8 SYSTEMPATH\CodeIgniter.php(353): CodeIgniter\CodeIgniter->handleRequest(null, Object(Config\Cache), false)
 9 FCPATH\index.php(79): CodeIgniter\CodeIgniter->run()
10 SYSTEMPATH\Commands\Server\rewrite.php(47): require_once('D:\\laragon\\www\\Laboratory2\\public\\index.php')
CRITICAL - 2023-09-26 10:29:26 --> Undefined variable $song
in APPPATH\Views\index.php on line 272.
 1 APPPATH\Views\index.php(272): CodeIgniter\Debug\Exceptions->errorHandler(2, 'Undefined variable $song', 'D:\\laragon\\www\\Laboratory2\\app\\Views\\index.php', 272)
 2 SYSTEMPATH\View\View.php(226): include('D:\\laragon\\www\\Laboratory2\\app\\Views\\index.php')
 3 SYSTEMPATH\View\View.php(229): CodeIgniter\View\View->CodeIgniter\View\{closure}()
 4 SYSTEMPATH\Common.php(1188): CodeIgniter\View\View->render('index', [], true)
 5 APPPATH\Controllers\MainController.php(132): view('index', [...])
 6 SYSTEMPATH\CodeIgniter.php(919): App\Controllers\MainController->test()
 7 SYSTEMPATH\CodeIgniter.php(494): CodeIgniter\CodeIgniter->runController(Object(App\Controllers\MainController))
 8 SYSTEMPATH\CodeIgniter.php(353): CodeIgniter\CodeIgniter->handleRequest(null, Object(Config\Cache), false)
 9 FCPATH\index.php(79): CodeIgniter\CodeIgniter->run()
10 SYSTEMPATH\Commands\Server\rewrite.php(47): require_once('D:\\laragon\\www\\Laboratory2\\public\\index.php')
CRITICAL - 2023-09-26 10:29:27 --> Undefined variable $song
in APPPATH\Views\index.php on line 272.
 1 APPPATH\Views\index.php(272): CodeIgniter\Debug\Exceptions->errorHandler(2, 'Undefined variable $song', 'D:\\laragon\\www\\Laboratory2\\app\\Views\\index.php', 272)
 2 SYSTEMPATH\View\View.php(226): include('D:\\laragon\\www\\Laboratory2\\app\\Views\\index.php')
 3 SYSTEMPATH\View\View.php(229): CodeIgniter\View\View->CodeIgniter\View\{closure}()
 4 SYSTEMPATH\Common.php(1188): CodeIgniter\View\View->render('index', [], true)
 5 APPPATH\Controllers\MainController.php(132): view('index', [...])
 6 SYSTEMPATH\CodeIgniter.php(919): App\Controllers\MainController->test()
 7 SYSTEMPATH\CodeIgniter.php(494): CodeIgniter\CodeIgniter->runController(Object(App\Controllers\MainController))
 8 SYSTEMPATH\CodeIgniter.php(353): CodeIgniter\CodeIgniter->handleRequest(null, Object(Config\Cache), false)
 9 FCPATH\index.php(79): CodeIgniter\CodeIgniter->run()
10 SYSTEMPATH\Commands\Server\rewrite.php(47): require_once('D:\\laragon\\www\\Laboratory2\\public\\index.php')
CRITICAL - 2023-09-26 10:29:28 --> Undefined variable $song
in APPPATH\Views\index.php on line 272.
 1 APPPATH\Views\index.php(272): CodeIgniter\Debug\Exceptions->errorHandler(2, 'Undefined variable $song', 'D:\\laragon\\www\\Laboratory2\\app\\Views\\index.php', 272)
 2 SYSTEMPATH\View\View.php(226): include('D:\\laragon\\www\\Laboratory2\\app\\Views\\index.php')
 3 SYSTEMPATH\View\View.php(229): CodeIgniter\View\View->CodeIgniter\View\{closure}()
 4 SYSTEMPATH\Common.php(1188): CodeIgniter\View\View->render('index', [], true)
 5 APPPATH\Controllers\MainController.php(132): view('index', [...])
 6 SYSTEMPATH\CodeIgniter.php(919): App\Controllers\MainController->test()
 7 SYSTEMPATH\CodeIgniter.php(494): CodeIgniter\CodeIgniter->runController(Object(App\Controllers\MainController))
 8 SYSTEMPATH\CodeIgniter.php(353): CodeIgniter\CodeIgniter->handleRequest(null, Object(Config\Cache), false)
 9 FCPATH\index.php(79): CodeIgniter\CodeIgniter->run()
10 SYSTEMPATH\Commands\Server\rewrite.php(47): require_once('D:\\laragon\\www\\Laboratory2\\public\\index.php')
CRITICAL - 2023-09-26 10:29:44 --> Undefined variable $song
in APPPATH\Views\index.php on line 272.
 1 APPPATH\Views\index.php(272): CodeIgniter\Debug\Exceptions->errorHandler(2, 'Undefined variable $song', 'D:\\laragon\\www\\Laboratory2\\app\\Views\\index.php', 272)
 2 SYSTEMPATH\View\View.php(226): include('D:\\laragon\\www\\Laboratory2\\app\\Views\\index.php')
 3 SYSTEMPATH\View\View.php(229): CodeIgniter\View\View->CodeIgniter\View\{closure}()
 4 SYSTEMPATH\Common.php(1188): CodeIgniter\View\View->render('index', [], true)
 5 APPPATH\Controllers\MainController.php(132): view('index', [...])
 6 SYSTEMPATH\CodeIgniter.php(919): App\Controllers\MainController->test()
 7 SYSTEMPATH\CodeIgniter.php(494): CodeIgniter\CodeIgniter->runController(Object(App\Controllers\MainController))
 8 SYSTEMPATH\CodeIgniter.php(353): CodeIgniter\CodeIgniter->handleRequest(null, Object(Config\Cache), false)
 9 FCPATH\index.php(79): CodeIgniter\CodeIgniter->run()
10 SYSTEMPATH\Commands\Server\rewrite.php(47): require_once('D:\\laragon\\www\\Laboratory2\\public\\index.php')
ERROR - 2023-09-26 13:25:14 --> mysqli_sql_exception: Duplicate column name 'playlist_id' in D:\laragon\www\Laboratory2\system\Database\MySQLi\Connection.php:306
Stack trace:
#0 D:\laragon\www\Laboratory2\system\Database\MySQLi\Connection.php(306): mysqli->query('ALTER TABLE `mu...', 0)
#1 D:\laragon\www\Laboratory2\system\Database\BaseConnection.php(692): CodeIgniter\Database\MySQLi\Connection->execute('ALTER TABLE `mu...')
#2 D:\laragon\www\Laboratory2\system\Database\BaseConnection.php(606): CodeIgniter\Database\BaseConnection->simpleQuery('ALTER TABLE `mu...')
#3 D:\laragon\www\Laboratory2\system\Database\Forge.php(745): CodeIgniter\Database\BaseConnection->query('ALTER TABLE `mu...')
#4 D:\laragon\www\Laboratory2\app\Database\Migrations\2023-09-26-132425_AddPlaylistIdToMusicTracks.php(12): CodeIgniter\Database\Forge->addColumn('music_tracks', Array)
#5 D:\laragon\www\Laboratory2\system\Database\MigrationRunner.php(877): App\Database\Migrations\AddPlaylistIdToMusicTracks->up()
#6 D:\laragon\www\Laboratory2\system\Database\MigrationRunner.php(188): CodeIgniter\Database\MigrationRunner->migrate('up', Object(stdClass))
#7 D:\laragon\www\Laboratory2\system\Commands\Database\Migrate.php(84): CodeIgniter\Database\MigrationRunner->latest(NULL)
#8 D:\laragon\www\Laboratory2\system\CLI\Commands.php(65): CodeIgniter\Commands\Database\Migrate->run(Array)
#9 D:\laragon\www\Laboratory2\system\CLI\Console.php(37): CodeIgniter\CLI\Commands->run('migrate', Array)
#10 D:\laragon\www\Laboratory2\spark(102): CodeIgniter\CLI\Console->run()
#11 {main}
CRITICAL - 2023-09-26 13:34:20 --> Undefined variable $playlistId
in APPPATH\Views\index.php on line 249.
 1 APPPATH\Views\index.php(249): CodeIgniter\Debug\Exceptions->errorHandler(2, 'Undefined variable $playlistId', 'D:\\laragon\\www\\Laboratory2\\app\\Views\\index.php', 249)
 2 SYSTEMPATH\View\View.php(226): include('D:\\laragon\\www\\Laboratory2\\app\\Views\\index.php')
 3 SYSTEMPATH\View\View.php(229): CodeIgniter\View\View->CodeIgniter\View\{closure}()
 4 SYSTEMPATH\Common.php(1188): CodeIgniter\View\View->render('index', [], true)
 5 APPPATH\Controllers\MainController.php(157): view('index', [...])
 6 SYSTEMPATH\CodeIgniter.php(919): App\Controllers\MainController->test()
 7 SYSTEMPATH\CodeIgniter.php(494): CodeIgniter\CodeIgniter->runController(Object(App\Controllers\MainController))
 8 SYSTEMPATH\CodeIgniter.php(353): CodeIgniter\CodeIgniter->handleRequest(null, Object(Config\Cache), false)
 9 FCPATH\index.php(79): CodeIgniter\CodeIgniter->run()
10 SYSTEMPATH\Commands\Server\rewrite.php(47): require_once('D:\\laragon\\www\\Laboratory2\\public\\index.php')
CRITICAL - 2023-09-26 13:46:31 --> Undefined variable $playlists
in APPPATH\Controllers\MainController.php on line 158.
 1 APPPATH\Controllers\MainController.php(158): CodeIgniter\Debug\Exceptions->errorHandler(2, 'Undefined variable $playlists', 'D:\\laragon\\www\\Laboratory2\\app\\Controllers\\MainController.php', 158)
 2 SYSTEMPATH\CodeIgniter.php(919): App\Controllers\MainController->test()
 3 SYSTEMPATH\CodeIgniter.php(494): CodeIgniter\CodeIgniter->runController(Object(App\Controllers\MainController))
 4 SYSTEMPATH\CodeIgniter.php(353): CodeIgniter\CodeIgniter->handleRequest(null, Object(Config\Cache), false)
 5 FCPATH\index.php(79): CodeIgniter\CodeIgniter->run()
 6 SYSTEMPATH\Commands\Server\rewrite.php(47): require_once('D:\\laragon\\www\\Laboratory2\\public\\index.php')
CRITICAL - 2023-09-26 14:01:45 --> Undefined variable $playlists
in APPPATH\Controllers\MainController.php on line 158.
 1 APPPATH\Controllers\MainController.php(158): CodeIgniter\Debug\Exceptions->errorHandler(2, 'Undefined variable $playlists', 'D:\\laragon\\www\\Laboratory2\\app\\Controllers\\MainController.php', 158)
 2 SYSTEMPATH\CodeIgniter.php(919): App\Controllers\MainController->test()
 3 SYSTEMPATH\CodeIgniter.php(494): CodeIgniter\CodeIgniter->runController(Object(App\Controllers\MainController))
 4 SYSTEMPATH\CodeIgniter.php(353): CodeIgniter\CodeIgniter->handleRequest(null, Object(Config\Cache), false)
 5 FCPATH\index.php(79): CodeIgniter\CodeIgniter->run()
 6 SYSTEMPATH\Commands\Server\rewrite.php(47): require_once('D:\\laragon\\www\\Laboratory2\\public\\index.php')
CRITICAL - 2023-09-26 14:01:49 --> Undefined variable $playlists
in APPPATH\Controllers\MainController.php on line 158.
 1 APPPATH\Controllers\MainController.php(158): CodeIgniter\Debug\Exceptions->errorHandler(2, 'Undefined variable $playlists', 'D:\\laragon\\www\\Laboratory2\\app\\Controllers\\MainController.php', 158)
 2 SYSTEMPATH\CodeIgniter.php(919): App\Controllers\MainController->test()
 3 SYSTEMPATH\CodeIgniter.php(494): CodeIgniter\CodeIgniter->runController(Object(App\Controllers\MainController))
 4 SYSTEMPATH\CodeIgniter.php(353): CodeIgniter\CodeIgniter->handleRequest(null, Object(Config\Cache), false)
 5 FCPATH\index.php(79): CodeIgniter\CodeIgniter->run()
 6 SYSTEMPATH\Commands\Server\rewrite.php(47): require_once('D:\\laragon\\www\\Laboratory2\\public\\index.php')
CRITICAL - 2023-09-26 14:02:43 --> Undefined variable $context
in APPPATH\Views\index.php on line 102.
 1 APPPATH\Views\index.php(102): CodeIgniter\Debug\Exceptions->errorHandler(2, 'Undefined variable $context', 'D:\\laragon\\www\\Laboratory2\\app\\Views\\index.php', 102)
 2 SYSTEMPATH\View\View.php(226): include('D:\\laragon\\www\\Laboratory2\\app\\Views\\index.php')
 3 SYSTEMPATH\View\View.php(229): CodeIgniter\View\View->CodeIgniter\View\{closure}()
 4 SYSTEMPATH\Common.php(1188): CodeIgniter\View\View->render('index', [], true)
 5 APPPATH\Controllers\MainController.php(165): view('index', [...])
 6 SYSTEMPATH\CodeIgniter.php(919): App\Controllers\MainController->test()
 7 SYSTEMPATH\CodeIgniter.php(494): CodeIgniter\CodeIgniter->runController(Object(App\Controllers\MainController))
 8 SYSTEMPATH\CodeIgniter.php(353): CodeIgniter\CodeIgniter->handleRequest(null, Object(Config\Cache), false)
 9 FCPATH\index.php(79): CodeIgniter\CodeIgniter->run()
10 SYSTEMPATH\Commands\Server\rewrite.php(47): require_once('D:\\laragon\\www\\Laboratory2\\public\\index.php')
CRITICAL - 2023-09-26 14:03:54 --> Undefined variable $context
in APPPATH\Views\index.php on line 102.
 1 APPPATH\Views\index.php(102): CodeIgniter\Debug\Exceptions->errorHandler(2, 'Undefined variable $context', 'D:\\laragon\\www\\Laboratory2\\app\\Views\\index.php', 102)
 2 SYSTEMPATH\View\View.php(226): include('D:\\laragon\\www\\Laboratory2\\app\\Views\\index.php')
 3 SYSTEMPATH\View\View.php(229): CodeIgniter\View\View->CodeIgniter\View\{closure}()
 4 SYSTEMPATH\Common.php(1188): CodeIgniter\View\View->render('index', [], true)
 5 APPPATH\Controllers\MainController.php(187): view('index', [...])
 6 SYSTEMPATH\CodeIgniter.php(919): App\Controllers\MainController->test()
 7 SYSTEMPATH\CodeIgniter.php(494): CodeIgniter\CodeIgniter->runController(Object(App\Controllers\MainController))
 8 SYSTEMPATH\CodeIgniter.php(353): CodeIgniter\CodeIgniter->handleRequest(null, Object(Config\Cache), false)
 9 FCPATH\index.php(79): CodeIgniter\CodeIgniter->run()
10 SYSTEMPATH\Commands\Server\rewrite.php(47): require_once('D:\\laragon\\www\\Laboratory2\\public\\index.php')
CRITICAL - 2023-09-26 14:05:55 --> Undefined variable $context
in APPPATH\Views\index.php on line 102.
 1 APPPATH\Views\index.php(102): CodeIgniter\Debug\Exceptions->errorHandler(2, 'Undefined variable $context', 'D:\\laragon\\www\\Laboratory2\\app\\Views\\index.php', 102)
 2 SYSTEMPATH\View\View.php(226): include('D:\\laragon\\www\\Laboratory2\\app\\Views\\index.php')
 3 SYSTEMPATH\View\View.php(229): CodeIgniter\View\View->CodeIgniter\View\{closure}()
 4 SYSTEMPATH\Common.php(1188): CodeIgniter\View\View->render('index', [], true)
 5 APPPATH\Controllers\MainController.php(186): view('index', [...])
 6 SYSTEMPATH\CodeIgniter.php(919): App\Controllers\MainController->test()
 7 SYSTEMPATH\CodeIgniter.php(494): CodeIgniter\CodeIgniter->runController(Object(App\Controllers\MainController))
 8 SYSTEMPATH\CodeIgniter.php(353): CodeIgniter\CodeIgniter->handleRequest(null, Object(Config\Cache), false)
 9 FCPATH\index.php(79): CodeIgniter\CodeIgniter->run()
10 SYSTEMPATH\Commands\Server\rewrite.php(47): require_once('D:\\laragon\\www\\Laboratory2\\public\\index.php')
CRITICAL - 2023-09-26 14:06:58 --> Undefined variable $context
in APPPATH\Config\Routes.php on line 17.
 1 APPPATH\Config\Routes.php(17): CodeIgniter\Debug\Exceptions->errorHandler(2, 'Undefined variable $context', 'D:\\laragon\\www\\Laboratory2\\app\\Config\\Routes.php', 17)
 2 SYSTEMPATH\Router\RouteCollection.php(339): require('D:\\laragon\\www\\Laboratory2\\app\\Config\\Routes.php')
 3 SYSTEMPATH\CodeIgniter.php(787): CodeIgniter\Router\RouteCollection->loadRoutes()
 4 SYSTEMPATH\CodeIgniter.php(442): CodeIgniter\CodeIgniter->tryToRouteIt(null)
 5 SYSTEMPATH\CodeIgniter.php(353): CodeIgniter\CodeIgniter->handleRequest(null, Object(Config\Cache), false)
 6 FCPATH\index.php(79): CodeIgniter\CodeIgniter->run()
 7 SYSTEMPATH\Commands\Server\rewrite.php(47): require_once('D:\\laragon\\www\\Laboratory2\\public\\index.php')
CRITICAL - 2023-09-26 14:08:44 --> Undefined variable $context
in APPPATH\Views\index.php on line 102.
 1 APPPATH\Views\index.php(102): CodeIgniter\Debug\Exceptions->errorHandler(2, 'Undefined variable $context', 'D:\\laragon\\www\\Laboratory2\\app\\Views\\index.php', 102)
 2 SYSTEMPATH\View\View.php(226): include('D:\\laragon\\www\\Laboratory2\\app\\Views\\index.php')
 3 SYSTEMPATH\View\View.php(229): CodeIgniter\View\View->CodeIgniter\View\{closure}()
 4 SYSTEMPATH\Common.php(1188): CodeIgniter\View\View->render('index', [], true)
 5 APPPATH\Controllers\MainController.php(186): view('index', [...])
 6 SYSTEMPATH\CodeIgniter.php(919): App\Controllers\MainController->test()
 7 SYSTEMPATH\CodeIgniter.php(494): CodeIgniter\CodeIgniter->runController(Object(App\Controllers\MainController))
 8 SYSTEMPATH\CodeIgniter.php(353): CodeIgniter\CodeIgniter->handleRequest(null, Object(Config\Cache), false)
 9 FCPATH\index.php(79): CodeIgniter\CodeIgniter->run()
10 SYSTEMPATH\Commands\Server\rewrite.php(47): require_once('D:\\laragon\\www\\Laboratory2\\public\\index.php')
CRITICAL - 2023-09-26 14:09:13 --> Undefined variable $context
in APPPATH\Views\index.php on line 102.
 1 APPPATH\Views\index.php(102): CodeIgniter\Debug\Exceptions->errorHandler(2, 'Undefined variable $context', 'D:\\laragon\\www\\Laboratory2\\app\\Views\\index.php', 102)
 2 SYSTEMPATH\View\View.php(226): include('D:\\laragon\\www\\Laboratory2\\app\\Views\\index.php')
 3 SYSTEMPATH\View\View.php(229): CodeIgniter\View\View->CodeIgniter\View\{closure}()
 4 SYSTEMPATH\Common.php(1188): CodeIgniter\View\View->render('index', [], true)
 5 APPPATH\Controllers\MainController.php(186): view('index', [...])
 6 SYSTEMPATH\CodeIgniter.php(919): App\Controllers\MainController->test()
 7 SYSTEMPATH\CodeIgniter.php(494): CodeIgniter\CodeIgniter->runController(Object(App\Controllers\MainController))
 8 SYSTEMPATH\CodeIgniter.php(353): CodeIgniter\CodeIgniter->handleRequest(null, Object(Config\Cache), false)
 9 FCPATH\index.php(79): CodeIgniter\CodeIgniter->run()
10 SYSTEMPATH\Commands\Server\rewrite.php(47): require_once('D:\\laragon\\www\\Laboratory2\\public\\index.php')
CRITICAL - 2023-09-26 14:10:10 --> Undefined variable $data
in APPPATH\Views\index.php on line 101.
 1 APPPATH\Views\index.php(101): CodeIgniter\Debug\Exceptions->errorHandler(2, 'Undefined variable $data', 'D:\\laragon\\www\\Laboratory2\\app\\Views\\index.php', 101)
 2 SYSTEMPATH\View\View.php(226): include('D:\\laragon\\www\\Laboratory2\\app\\Views\\index.php')
 3 SYSTEMPATH\View\View.php(229): CodeIgniter\View\View->CodeIgniter\View\{closure}()
 4 SYSTEMPATH\Common.php(1188): CodeIgniter\View\View->render('index', [], true)
 5 APPPATH\Controllers\MainController.php(188): view('index', [...])
 6 SYSTEMPATH\CodeIgniter.php(919): App\Controllers\MainController->test()
 7 SYSTEMPATH\CodeIgniter.php(494): CodeIgniter\CodeIgniter->runController(Object(App\Controllers\MainController))
 8 SYSTEMPATH\CodeIgniter.php(353): CodeIgniter\CodeIgniter->handleRequest(null, Object(Config\Cache), false)
 9 FCPATH\index.php(79): CodeIgniter\CodeIgniter->run()
10 SYSTEMPATH\Commands\Server\rewrite.php(47): require_once('D:\\laragon\\www\\Laboratory2\\public\\index.php')
CRITICAL - 2023-09-26 14:11:21 --> Undefined variable $context
in APPPATH\Views\index.php on line 101.
 1 APPPATH\Views\index.php(101): CodeIgniter\Debug\Exceptions->errorHandler(2, 'Undefined variable $context', 'D:\\laragon\\www\\Laboratory2\\app\\Views\\index.php', 101)
 2 SYSTEMPATH\View\View.php(226): include('D:\\laragon\\www\\Laboratory2\\app\\Views\\index.php')
 3 SYSTEMPATH\View\View.php(229): CodeIgniter\View\View->CodeIgniter\View\{closure}()
 4 SYSTEMPATH\Common.php(1188): CodeIgniter\View\View->render('index', [], true)
 5 APPPATH\Controllers\MainController.php(186): view('index', [...])
 6 SYSTEMPATH\CodeIgniter.php(919): App\Controllers\MainController->test()
 7 SYSTEMPATH\CodeIgniter.php(494): CodeIgniter\CodeIgniter->runController(Object(App\Controllers\MainController))
 8 SYSTEMPATH\CodeIgniter.php(353): CodeIgniter\CodeIgniter->handleRequest(null, Object(Config\Cache), false)
 9 FCPATH\index.php(79): CodeIgniter\CodeIgniter->run()
10 SYSTEMPATH\Commands\Server\rewrite.php(47): require_once('D:\\laragon\\www\\Laboratory2\\public\\index.php')
CRITICAL - 2023-09-26 14:11:23 --> Undefined variable $context
in APPPATH\Views\index.php on line 101.
 1 APPPATH\Views\index.php(101): CodeIgniter\Debug\Exceptions->errorHandler(2, 'Undefined variable $context', 'D:\\laragon\\www\\Laboratory2\\app\\Views\\index.php', 101)
 2 SYSTEMPATH\View\View.php(226): include('D:\\laragon\\www\\Laboratory2\\app\\Views\\index.php')
 3 SYSTEMPATH\View\View.php(229): CodeIgniter\View\View->CodeIgniter\View\{closure}()
 4 SYSTEMPATH\Common.php(1188): CodeIgniter\View\View->render('index', [], true)
 5 APPPATH\Controllers\MainController.php(186): view('index', [...])
 6 SYSTEMPATH\CodeIgniter.php(919): App\Controllers\MainController->test()
 7 SYSTEMPATH\CodeIgniter.php(494): CodeIgniter\CodeIgniter->runController(Object(App\Controllers\MainController))
 8 SYSTEMPATH\CodeIgniter.php(353): CodeIgniter\CodeIgniter->handleRequest(null, Object(Config\Cache), false)
 9 FCPATH\index.php(79): CodeIgniter\CodeIgniter->run()
10 SYSTEMPATH\Commands\Server\rewrite.php(47): require_once('D:\\laragon\\www\\Laboratory2\\public\\index.php')
